2025-06-28 17:09:08,573 | INFO | Using device: cuda
2025-06-28 17:10:53,814 | INFO | Experiment: experiment2
2025-06-28 17:10:53,815 | INFO | Model architecture:
NeuralNetwork(
  (layers): ModuleList(
    (0): Linear(in_features=9, out_features=1500, bias=True)
    (1): ReLU()
    (2): Dropout(p=0.5, inplace=False)
    (3): Linear(in_features=1500, out_features=1500, bias=True)
    (4): ReLU()
    (5): Dropout(p=0.5, inplace=False)
    (6): Linear(in_features=1500, out_features=1500, bias=True)
    (7): ReLU()
    (8): Dropout(p=0.5, inplace=False)
    (9): Linear(in_features=1500, out_features=1500, bias=True)
    (10): ReLU()
    (11): Dropout(p=0.5, inplace=False)
    (12): Linear(in_features=1500, out_features=1500, bias=True)
    (13): ReLU()
    (14): Dropout(p=0.5, inplace=False)
    (15): Linear(in_features=1500, out_features=1500, bias=True)
    (16): ReLU()
    (17): Dropout(p=0.5, inplace=False)
    (18): Linear(in_features=1500, out_features=1500, bias=True)
    (19): ReLU()
    (20): Dropout(p=0.5, inplace=False)
    (21): Linear(in_features=1500, out_features=3, bias=True)
  )
)
2025-06-28 17:10:53,816 | INFO | Training config: learning_rate=2.8357e-05 optimizer='Adam' loss_function='MSELoss' epochs=500 early_stopping=True patience=5
2025-06-28 17:10:53,816 | INFO | Data config: path_to_data='c:\\Users\\cervinka\\cervinka\\dataset_compressible_flow_60M_training_nstep180.csv' num_samples=50000000 batch_size=81 in_cols=['A11', 'A21', 'A31', 'A12', 'A22', 'A32', 'A13', 'A23', 'A33'] out_cols=['ResVort', 'ResStrain', 'Shear'] val_split=0.1 shuffle=False
2025-06-28 18:12:08,148 | INFO | Epoch 1/500 | Train Loss: 0.0084 | Val Loss: 0.0099 | Time: 1:01:14
2025-06-28 19:13:27,663 | INFO | Epoch 2/500 | Train Loss: 0.0051 | Val Loss: 0.0135 | Time: 2:02:33
2025-06-28 20:14:45,996 | INFO | Epoch 3/500 | Train Loss: 0.0043 | Val Loss: 0.0168 | Time: 3:03:52
2025-06-28 21:15:57,673 | INFO | Epoch 4/500 | Train Loss: 0.0039 | Val Loss: 0.0185 | Time: 4:05:03
2025-06-28 22:17:50,925 | INFO | Epoch 5/500 | Train Loss: 0.0037 | Val Loss: 0.0181 | Time: 5:06:57
2025-06-28 23:19:07,490 | INFO | Epoch 6/500 | Train Loss: 0.0035 | Val Loss: 0.0178 | Time: 6:08:13
2025-06-28 23:19:07,491 | INFO | Early stopping at epoch 6
2025-06-28 23:19:07,491 | INFO | Training complete.
2025-06-28 23:19:07,491 | INFO | Best model at epoch 1 | Train Loss: 0.0084 | Val Loss: 0.0099
2025-06-28 23:19:07,491 | INFO | Total training time: 6:08:13
